<?xml version='1.0' encoding='UTF-8'?>
<?xml-stylesheet href='static/style.xsl' type='text/xsl'?>
<OAI-PMH
    xmlns="http://www.openarchives.org/OAI/2.0/"
    xmlns:xsi="http://www.w3.org/2001/XMLSchema-instance" xsi:schemaLocation="http://www.openarchives.org/OAI/2.0/ http://www.openarchives.org/OAI/2.0/OAI-PMH.xsd">
    <responseDate>2020-11-23T14:45:58Z</responseDate>
    <request verb="Identify">https://www.test-harvest.it/oai/openairecris</request>
    <Identify>
        <repositoryName>TEST OAI HARVESTING</repositoryName>
        <baseURL>https://www.test-harvest.it/oai/openairecris</baseURL>
        <protocolVersion>2.0</protocolVersion>
        <adminEmail>test@4science.it</adminEmail>
        <earliestDatestamp>2019-09-05T20:00:36Z</earliestDatestamp>
        <deletedRecord>transient</deletedRecord>
        <granularity>YYYY-MM-DDThh:mm:ssZ</granularity>
        <description>
            <oai-identifier
                xmlns="http://www.openarchives.org/OAI/2.0/oai-identifier"
                xmlns:xsi="http://www.w3.org/2001/XMLSchema-instance" xsi:schemaLocation="http://www.openarchives.org/OAI/2.0/oai-identifier http://www.openarchives.org/OAI/2.0/oai-identifier.xsd">
                <scheme>oai</scheme>
                <repositoryIdentifier>test-harvest</repositoryIdentifier>
                <delimiter>:</delimiter>
                <sampleIdentifier>oai:test-harvest:123456789/1234</sampleIdentifier>
            </oai-identifier>
        </description>
        <description>
            <Service
                xmlns="https://www.openaire.eu/cerif-profile/1.1/" id="123456789/0">
                <Compatibility
                    xmlns="https://www.openaire.eu/cerif-profile/vocab/OpenAIRE_Service_Compatibility">https://www.openaire.eu/cerif-profile/vocab/OpenAIRE_Service_Compatibility#1.1
                </Compatibility>
                <Name xml:lang="en">TEST OAI HARVESTING</Name>
                <Description xml:lang="en">An example CRIS that complies with the OpenAIRE Guidelines for CRIS Managers v.1.1.</Description>
                <WebsiteURL>https://www.test-harvest.it</WebsiteURL>
                <OAIPMHBaseURL>http://www.test-harvest.it/oai/openairecris</OAIPMHBaseURL>
            </Service>
        </description>
    </Identify>
</OAI-PMH>